2026-04-14T10:07:29.939+05:30  INFO 25584 --- [AutomationEngine] [main] c.j.A.AutomationEngineApplication        : Starting AutomationEngineApplication using Java 25.0.1 with PID 25584 (C:\Users\meenu\OneDrive\Desktop\Workspace\springboot\AutomationEngine\target\classes started by meenu in C:\Users\meenu\OneDrive\Desktop\Workspace\springboot\AutomationEngine)
2026-04-14T10:07:29.963+05:30  INFO 25584 --- [AutomationEngine] [main] c.j.A.AutomationEngineApplication        : No active profile set, falling back to 1 default profile: "default"
2026-04-14T10:07:33.490+05:30  INFO 25584 --- [AutomationEngine] [main] .s.d.r.c.RepositoryConfigurationDelegate : Bootstrapping Spring Data JPA repositories in DEFAULT mode.
2026-04-14T10:07:33.983+05:30  INFO 25584 --- [AutomationEngine] [main] .s.d.r.c.RepositoryConfigurationDelegate : Finished Spring Data repository scanning in 469 ms. Found 5 JPA repository interfaces.
2026-04-14T10:07:36.792+05:30  INFO 25584 --- [AutomationEngine] [main] o.s.boot.tomcat.TomcatWebServer          : Tomcat initialized with port 8080 (http)
2026-04-14T10:07:36.849+05:30  INFO 25584 --- [AutomationEngine] [main] o.apache.catalina.core.StandardService   : Starting service [Tomcat]
2026-04-14T10:07:36.850+05:30  INFO 25584 --- [AutomationEngine] [main] o.apache.catalina.core.StandardEngine    : Starting Servlet engine: [Apache Tomcat/11.0.20]
2026-04-14T10:07:37.169+05:30  INFO 25584 --- [AutomationEngine] [main] b.w.c.s.WebApplicationContextInitializer : Root WebApplicationContext: initialization completed in 7008 ms
2026-04-14T10:07:37.656+05:30  INFO 25584 --- [AutomationEngine] [main] com.zaxxer.hikari.HikariDataSource       : HikariPool-1 - Starting...
2026-04-14T10:07:38.735+05:30  INFO 25584 --- [AutomationEngine] [main] com.zaxxer.hikari.pool.HikariPool        : HikariPool-1 - Added connection com.mysql.cj.jdbc.ConnectionImpl@772f3a3f
2026-04-14T10:07:38.739+05:30  INFO 25584 --- [AutomationEngine] [main] com.zaxxer.hikari.HikariDataSource       : HikariPool-1 - Start completed.
2026-04-14T10:07:38.921+05:30  INFO 25584 --- [AutomationEngine] [main] org.hibernate.orm.jpa                    : HHH008540: Processing PersistenceUnitInfo [name: default]
2026-04-14T10:07:39.166+05:30  INFO 25584 --- [AutomationEngine] [main] org.hibernate.orm.core                   : HHH000001: Hibernate ORM core version 7.2.7.Final
2026-04-14T10:07:40.220+05:30  INFO 25584 --- [AutomationEngine] [main] o.s.o.j.p.SpringPersistenceUnitInfo      : No LoadTimeWeaver setup: ignoring JPA class transformer
2026-04-14T10:07:40.436+05:30  INFO 25584 --- [AutomationEngine] [main] org.hibernate.orm.connections.pooling    : HHH10001005: Database info:
	Database JDBC URL [jdbc:mysql://localhost:3306/taskflow_db]
	Database driver: MySQL Connector/J
	Database dialect: MySQLDialect
	Database version: 8.0.30
	Default catalog/schema: taskflow_db/undefined
	Autocommit mode: undefined/unknown
	Isolation level: REPEATABLE_READ [default REPEATABLE_READ]
	JDBC fetch size: none
	Pool: DataSourceConnectionProvider
	Minimum pool size: undefined/unknown
	Maximum pool size: undefined/unknown
2026-04-14T10:07:42.137+05:30  INFO 25584 --- [AutomationEngine] [main] org.hibernate.orm.core                   : HHH000489: No JTA platform available (set 'hibernate.transaction.jta.platform' to enable JTA platform integration)
2026-04-14T10:07:42.271+05:30  INFO 25584 --- [AutomationEngine] [main] j.LocalContainerEntityManagerFactoryBean : Initialized JPA EntityManagerFactory for persistence unit 'default'
2026-04-14T10:07:42.452+05:30  INFO 25584 --- [AutomationEngine] [main] o.s.d.j.r.query.QueryEnhancerFactories   : Hibernate is in classpath; If applicable, HQL parser will be used.
2026-04-14T10:07:44.118+05:30  WARN 25584 --- [AutomationEngine] [main] ConfigServletWebServerApplicationContext : Exception encountered during context initialization - cancelling refresh attempt: org.springframework.beans.factory.BeanCreationException: Error creating bean with name 'nodeExecutionContext' defined in file [C:\Users\meenu\OneDrive\Desktop\Workspace\springboot\AutomationEngine\target\classes\com\jsp\AutomationEngine\Model\NodeExecutionContext.class]: Failed to instantiate [com.jsp.AutomationEngine.Context.NodeExecutionContext]: No default constructor found
2026-04-14T10:07:44.120+05:30  INFO 25584 --- [AutomationEngine] [main] j.LocalContainerEntityManagerFactoryBean : Closing JPA EntityManagerFactory for persistence unit 'default'
2026-04-14T10:07:44.122+05:30  INFO 25584 --- [AutomationEngine] [main] com.zaxxer.hikari.HikariDataSource       : HikariPool-1 - Shutdown initiated...
2026-04-14T10:07:44.142+05:30  INFO 25584 --- [AutomationEngine] [main] com.zaxxer.hikari.HikariDataSource       : HikariPool-1 - Shutdown completed.
2026-04-14T10:07:44.149+05:30  INFO 25584 --- [AutomationEngine] [main] o.apache.catalina.core.StandardService   : Stopping service [Tomcat]
2026-04-14T10:07:44.173+05:30  INFO 25584 --- [AutomationEngine] [main] .s.b.a.l.ConditionEvaluationReportLogger : 

Error starting ApplicationContext. To display the condition evaluation report re-run your application with 'debug' enabled.
2026-04-14T10:07:44.206+05:30 ERROR 25584 --- [AutomationEngine] [main] o.s.boot.SpringApplication               : Application run failed

org.springframework.beans.factory.BeanCreationException: Error creating bean with name 'nodeExecutionContext' defined in file [C:\Users\meenu\OneDrive\Desktop\Workspace\springboot\AutomationEngine\target\classes\com\jsp\AutomationEngine\Model\NodeExecutionContext.class]: Failed to instantiate [com.jsp.AutomationEngine.Context.NodeExecutionContext]: No default constructor found
	at org.springframework.beans.factory.support.AbstractAutowireCapableBeanFactory.instantiateBean(AbstractAutowireCapableBeanFactory.java:1344) ~[spring-beans-7.0.6.jar:7.0.6]
	at org.springframework.beans.factory.support.AbstractAutowireCapableBeanFactory.createBeanInstance(AbstractAutowireCapableBeanFactory.java:1231) ~[spring-beans-7.0.6.jar:7.0.6]
	at org.springframework.beans.factory.support.AbstractAutowireCapableBeanFactory.doCreateBean(AbstractAutowireCapableBeanFactory.java:565) ~[spring-beans-7.0.6.jar:7.0.6]
	at org.springframework.beans.factory.support.AbstractAutowireCapableBeanFactory.createBean(AbstractAutowireCapableBeanFactory.java:525) ~[spring-beans-7.0.6.jar:7.0.6]
	at org.springframework.beans.factory.support.AbstractBeanFactory.lambda$doGetBean$0(AbstractBeanFactory.java:333) ~[spring-beans-7.0.6.jar:7.0.6]
	at org.springframework.beans.factory.support.DefaultSingletonBeanRegistry.getSingleton(DefaultSingletonBeanRegistry.java:371) ~[spring-beans-7.0.6.jar:7.0.6]
	at org.springframework.beans.factory.support.AbstractBeanFactory.doGetBean(AbstractBeanFactory.java:331) ~[spring-beans-7.0.6.jar:7.0.6]
	at org.springframework.beans.factory.support.AbstractBeanFactory.getBean(AbstractBeanFactory.java:196) ~[spring-beans-7.0.6.jar:7.0.6]
	at org.springframework.beans.factory.support.DefaultListableBeanFactory.instantiateSingleton(DefaultListableBeanFactory.java:1218) ~[spring-beans-7.0.6.jar:7.0.6]
	at org.springframework.beans.factory.support.DefaultListableBeanFactory.preInstantiateSingleton(DefaultListableBeanFactory.java:1184) ~[spring-beans-7.0.6.jar:7.0.6]
	at org.springframework.beans.factory.support.DefaultListableBeanFactory.preInstantiateSingletons(DefaultListableBeanFactory.java:1121) ~[spring-beans-7.0.6.jar:7.0.6]
	at org.springframework.context.support.AbstractApplicationContext.finishBeanFactoryInitialization(AbstractApplicationContext.java:994) ~[spring-context-7.0.6.jar:7.0.6]
	at org.springframework.context.support.AbstractApplicationContext.refresh(AbstractApplicationContext.java:621) ~[spring-context-7.0.6.jar:7.0.6]
	at org.springframework.boot.web.server.servlet.context.ServletWebServerApplicationContext.refresh(ServletWebServerApplicationContext.java:143) ~[spring-boot-web-server-4.0.5.jar:4.0.5]
	at org.springframework.boot.SpringApplication.refresh(SpringApplication.java:756) ~[spring-boot-4.0.5.jar:4.0.5]
	at org.springframework.boot.SpringApplication.refreshContext(SpringApplication.java:445) ~[spring-boot-4.0.5.jar:4.0.5]
	at org.springframework.boot.SpringApplication.run(SpringApplication.java:321) ~[spring-boot-4.0.5.jar:4.0.5]
	at org.springframework.boot.SpringApplication.run(SpringApplication.java:1365) ~[spring-boot-4.0.5.jar:4.0.5]
	at org.springframework.boot.SpringApplication.run(SpringApplication.java:1354) ~[spring-boot-4.0.5.jar:4.0.5]
	at com.jsp.AutomationEngine.AutomationEngineApplication.main(AutomationEngineApplication.java:10) ~[classes/:na]
Caused by: org.springframework.beans.BeanInstantiationException: Failed to instantiate [com.jsp.AutomationEngine.Context.NodeExecutionContext]: No default constructor found
	at org.springframework.beans.factory.support.SimpleInstantiationStrategy.instantiate(SimpleInstantiationStrategy.java:102) ~[spring-beans-7.0.6.jar:7.0.6]
	at org.springframework.beans.factory.support.AbstractAutowireCapableBeanFactory.instantiateBean(AbstractAutowireCapableBeanFactory.java:1338) ~[spring-beans-7.0.6.jar:7.0.6]
	... 19 common frames omitted
Caused by: java.lang.NoSuchMethodException: com.jsp.AutomationEngine.Context.NodeExecutionContext.<init>()
	at java.base/java.lang.Class.getConstructor0(Class.java:3187) ~[na:na]
	at java.base/java.lang.Class.getDeclaredConstructor(Class.java:2491) ~[na:na]
	at org.springframework.beans.factory.support.SimpleInstantiationStrategy.instantiate(SimpleInstantiationStrategy.java:98) ~[spring-beans-7.0.6.jar:7.0.6]
	... 20 common frames omitted

2026-04-14T10:09:51.019+05:30  INFO 21736 --- [AutomationEngine] [main] c.j.A.AutomationEngineApplication        : Starting AutomationEngineApplication using Java 25.0.1 with PID 21736 (C:\Users\meenu\OneDrive\Desktop\Workspace\springboot\AutomationEngine\target\classes started by meenu in C:\Users\meenu\OneDrive\Desktop\Workspace\springboot\AutomationEngine)
2026-04-14T10:09:51.025+05:30  INFO 21736 --- [AutomationEngine] [main] c.j.A.AutomationEngineApplication        : No active profile set, falling back to 1 default profile: "default"
2026-04-14T10:09:53.142+05:30  INFO 21736 --- [AutomationEngine] [main] .s.d.r.c.RepositoryConfigurationDelegate : Bootstrapping Spring Data JPA repositories in DEFAULT mode.
2026-04-14T10:09:53.502+05:30  INFO 21736 --- [AutomationEngine] [main] .s.d.r.c.RepositoryConfigurationDelegate : Finished Spring Data repository scanning in 341 ms. Found 5 JPA repository interfaces.
2026-04-14T10:09:55.069+05:30  INFO 21736 --- [AutomationEngine] [main] o.s.boot.tomcat.TomcatWebServer          : Tomcat initialized with port 8080 (http)
2026-04-14T10:09:55.105+05:30  INFO 21736 --- [AutomationEngine] [main] o.apache.catalina.core.StandardService   : Starting service [Tomcat]
2026-04-14T10:09:55.106+05:30  INFO 21736 --- [AutomationEngine] [main] o.apache.catalina.core.StandardEngine    : Starting Servlet engine: [Apache Tomcat/11.0.20]
2026-04-14T10:09:55.269+05:30  INFO 21736 --- [AutomationEngine] [main] b.w.c.s.WebApplicationContextInitializer : Root WebApplicationContext: initialization completed in 4085 ms
2026-04-14T10:09:55.648+05:30  INFO 21736 --- [AutomationEngine] [main] com.zaxxer.hikari.HikariDataSource       : HikariPool-1 - Starting...
2026-04-14T10:09:56.458+05:30  INFO 21736 --- [AutomationEngine] [main] com.zaxxer.hikari.pool.HikariPool        : HikariPool-1 - Added connection com.mysql.cj.jdbc.ConnectionImpl@186295cc
2026-04-14T10:09:56.461+05:30  INFO 21736 --- [AutomationEngine] [main] com.zaxxer.hikari.HikariDataSource       : HikariPool-1 - Start completed.
2026-04-14T10:09:56.614+05:30  INFO 21736 --- [AutomationEngine] [main] org.hibernate.orm.jpa                    : HHH008540: Processing PersistenceUnitInfo [name: default]
2026-04-14T10:09:56.763+05:30  INFO 21736 --- [AutomationEngine] [main] org.hibernate.orm.core                   : HHH000001: Hibernate ORM core version 7.2.7.Final
2026-04-14T10:09:57.755+05:30  INFO 21736 --- [AutomationEngine] [main] o.s.o.j.p.SpringPersistenceUnitInfo      : No LoadTimeWeaver setup: ignoring JPA class transformer
2026-04-14T10:09:57.941+05:30  INFO 21736 --- [AutomationEngine] [main] org.hibernate.orm.connections.pooling    : HHH10001005: Database info:
	Database JDBC URL [jdbc:mysql://localhost:3306/taskflow_db]
	Database driver: MySQL Connector/J
	Database dialect: MySQLDialect
	Database version: 8.0.30
	Default catalog/schema: taskflow_db/undefined
	Autocommit mode: undefined/unknown
	Isolation level: REPEATABLE_READ [default REPEATABLE_READ]
	JDBC fetch size: none
	Pool: DataSourceConnectionProvider
	Minimum pool size: undefined/unknown
	Maximum pool size: undefined/unknown
2026-04-14T10:09:59.458+05:30  INFO 21736 --- [AutomationEngine] [main] org.hibernate.orm.core                   : HHH000489: No JTA platform available (set 'hibernate.transaction.jta.platform' to enable JTA platform integration)
2026-04-14T10:09:59.563+05:30  INFO 21736 --- [AutomationEngine] [main] j.LocalContainerEntityManagerFactoryBean : Initialized JPA EntityManagerFactory for persistence unit 'default'
2026-04-14T10:09:59.708+05:30  INFO 21736 --- [AutomationEngine] [main] o.s.d.j.r.query.QueryEnhancerFactories   : Hibernate is in classpath; If applicable, HQL parser will be used.
2026-04-14T10:10:01.440+05:30  WARN 21736 --- [AutomationEngine] [main] JpaBaseConfiguration$JpaWebConfiguration : spring.jpa.open-in-view is enabled by default. Therefore, database queries may be performed during view rendering. Explicitly configure spring.jpa.open-in-view to disable this warning
2026-04-14T10:10:01.516+05:30  INFO 21736 --- [AutomationEngine] [main] o.s.v.b.OptionalValidatorFactoryBean     : Failed to set up a Bean Validation provider: jakarta.validation.NoProviderFoundException: Unable to create a Configuration, because no Jakarta Validation provider could be found. Add a provider like Hibernate Validator (RI) to your classpath.
2026-04-14T10:10:02.480+05:30  INFO 21736 --- [AutomationEngine] [main] o.s.b.a.e.web.EndpointLinksResolver      : Exposing 1 endpoint beneath base path '/actuator'
2026-04-14T10:10:02.613+05:30  INFO 21736 --- [AutomationEngine] [main] o.s.boot.tomcat.TomcatWebServer          : Tomcat started on port 8080 (http) with context path '/AutomationEngine'
2026-04-14T10:10:02.628+05:30  INFO 21736 --- [AutomationEngine] [main] c.j.A.AutomationEngineApplication        : Started AutomationEngineApplication in 12.762 seconds (process running for 14.135)
2026-04-14T10:31:51.223+05:30  WARN 21736 --- [AutomationEngine] [HikariPool-1:housekeeper] com.zaxxer.hikari.pool.HikariPool        : HikariPool-1 - Thread starvation or clock leap detected (housekeeper delta=15m24s761ms225µs400ns).
2026-04-14T11:02:03.959+05:30  WARN 21736 --- [AutomationEngine] [HikariPool-1:housekeeper] com.zaxxer.hikari.pool.HikariPool        : HikariPool-1 - Thread starvation or clock leap detected (housekeeper delta=30m13s24ms497µs).
2026-04-14T11:46:02.873+05:30  WARN 21736 --- [AutomationEngine] [HikariPool-1:housekeeper] com.zaxxer.hikari.pool.HikariPool        : HikariPool-1 - Thread starvation or clock leap detected (housekeeper delta=41m3s26ms819µs500ns).
2026-04-14T13:28:07.334+05:30  WARN 21736 --- [AutomationEngine] [HikariPool-1:housekeeper] com.zaxxer.hikari.pool.PoolBase          : HikariPool-1 - Failed to validate connection com.mysql.cj.jdbc.ConnectionImpl@16995508 (No operations allowed after connection closed.). Possibly consider using a shorter maxLifetime value.
2026-04-14T14:17:36.665+05:30  WARN 21736 --- [AutomationEngine] [HikariPool-1:housekeeper] com.zaxxer.hikari.pool.HikariPool        : HikariPool-1 - Thread starvation or clock leap detected (housekeeper delta=47m29s470ms865µs700ns).
2026-04-14T15:07:13.851+05:30  WARN 21736 --- [AutomationEngine] [HikariPool-1:housekeeper] com.zaxxer.hikari.pool.HikariPool        : HikariPool-1 - Thread starvation or clock leap detected (housekeeper delta=39m37s307ms634µs500ns).
2026-04-14T15:09:03.213+05:30  INFO 21736 --- [AutomationEngine] [SpringApplicationShutdownHook] o.s.boot.tomcat.GracefulShutdown         : Commencing graceful shutdown. Waiting for active requests to complete
2026-04-14T15:09:03.235+05:30  INFO 21736 --- [AutomationEngine] [tomcat-shutdown] o.s.boot.tomcat.GracefulShutdown         : Graceful shutdown complete
2026-04-14T15:09:03.254+05:30  INFO 21736 --- [AutomationEngine] [SpringApplicationShutdownHook] j.LocalContainerEntityManagerFactoryBean : Closing JPA EntityManagerFactory for persistence unit 'default'
2026-04-14T15:09:03.260+05:30  INFO 21736 --- [AutomationEngine] [SpringApplicationShutdownHook] com.zaxxer.hikari.HikariDataSource       : HikariPool-1 - Shutdown initiated...
2026-04-14T15:09:03.270+05:30  INFO 21736 --- [AutomationEngine] [SpringApplicationShutdownHook] com.zaxxer.hikari.HikariDataSource       : HikariPool-1 - Shutdown completed.
